#
# There is insufficient memory for the Java Runtime Environment to continue.
# Native memory allocation (malloc) failed to allocate 1341664 bytes. Error detail: Chunk::new
# Possible reasons:
#   The system is out of physical RAM or swap space
#   This process is running with CompressedOops enabled, and the Java Heap may be blocking the growth of the native heap
# Possible solutions:
#   Reduce memory load on the system
#   Increase physical memory or swap space
#   Check if swap backing store is full
#   Decrease Java heap size (-Xmx/-Xms)
#   Decrease number of Java threads
#   Decrease Java thread stack sizes (-Xss)
#   Set larger code cache with -XX:ReservedCodeCacheSize=
#   JVM is running with Unscaled Compressed Oops mode in which the Java heap is
#     placed in the first 4GB address space. The Java Heap base address is the
#     maximum limit for the native heap growth. Please use -XX:HeapBaseMinAddress
#     to set the Java Heap base and to place the Java Heap above 4GB virtual address.
# This output file may be truncated or incomplete.
#
#  Out of Memory Error (arena.cpp:168), pid=10912, tid=21184
#
# JRE version: OpenJDK Runtime Environment Temurin-21.0.10+7 (21.0.10+7) (build 21.0.10+7-LTS)
# Java VM: OpenJDK 64-Bit Server VM Temurin-21.0.10+7 (21.0.10+7-LTS, mixed mode, sharing, tiered, compressed oops, compressed class ptrs, parallel gc, windows-amd64)
# No core dump will be written. Minidumps are not enabled by default on client versions of Windows
#

---------------  S U M M A R Y ------------

Command Line: --add-modules=ALL-SYSTEM --add-opens=java.base/java.util=ALL-UNNAMED --add-opens=java.base/java.lang=ALL-UNNAMED --add-opens=java.base/sun.nio.fs=ALL-UNNAMED -Declipse.application=org.eclipse.jdt.ls.core.id1 -Dosgi.bundles.defaultStartLevel=4 -Declipse.product=org.eclipse.jdt.ls.core.product -Djava.import.generatesMetadataFilesAtProjectRoot=false -DDetectVMInstallationsJob.disabled=true -Dfile.encoding=utf8 -XX:+UseParallelGC -XX:GCTimeRatio=4 -XX:AdaptiveSizePolicyWeight=90 -Dsun.zip.disableMemoryMapping=true -Xmx2G -Xms100m -Xlog:disable -javaagent:c:\Users\mugal\.antigravity\extensions\redhat.java-1.53.0-win32-x64\lombok\lombok-1.18.39-4050.jar -XX:+HeapDumpOnOutOfMemoryError -XX:HeapDumpPath=c:\Users\mugal\AppData\Roaming\Antigravity\User\workspaceStorage\bfdbd9260fa52a82d3dbf1829970f427\redhat.java -Daether.dependencyCollector.impl=bf c:\Users\mugal\.antigravity\extensions\redhat.java-1.53.0-win32-x64\server\plugins\org.eclipse.equinox.launcher_1.7.100.v20251111-0406.jar -configuration c:\Users\mugal\AppData\Roaming\Antigravity\User\globalStorage\redhat.java\1.53.0\config_win -data c:\Users\mugal\AppData\Roaming\Antigravity\User\workspaceStorage\bfdbd9260fa52a82d3dbf1829970f427\redhat.java\jdt_ws --pipe=\\.\pipe\lsp-e05d96e91f67e0059d9720d28bdcdeae-sock

Host: 11th Gen Intel(R) Core(TM) i5-1135G7 @ 2.40GHz, 8 cores, 7G,  Windows 11 , 64 bit Build 22621 (10.0.22621.3958)
Time: Fri Mar 27 00:48:43 2026 Sri Lanka Standard Time elapsed time: 149.122919 seconds (0d 0h 2m 29s)

---------------  T H R E A D  ---------------

Current thread (0x000001a1b073cf30):  JavaThread "C2 CompilerThread0" daemon [_thread_in_native, id=21184, stack(0x00000013ff900000,0x00000013ffa00000) (1024K)]


Current CompileTask:
C2:149123 13402       4       org.eclipse.jdt.internal.core.JarPackageFragmentRoot::initRawPackageInfo (292 bytes)

Stack: [0x00000013ff900000,0x00000013ffa00000]
Native frames: (J=compiled Java code, j=interpreted, Vv=VM code, C=native code)
V  [jvm.dll+0x6d7a39]
V  [jvm.dll+0x8b4b26]
V  [jvm.dll+0x8b70de]
V  [jvm.dll+0x8b77c3]
V  [jvm.dll+0x284346]
V  [jvm.dll+0xc66ed]
V  [jvm.dll+0xc6c31]
V  [jvm.dll+0x3bec3b]
V  [jvm.dll+0x1e3f69]
V  [jvm.dll+0x24c6b3]
V  [jvm.dll+0x24bb40]
V  [jvm.dll+0x1cb34e]
V  [jvm.dll+0x25b85d]
V  [jvm.dll+0x259dea]
V  [jvm.dll+0x3f857e]
V  [jvm.dll+0x85f59d]
V  [jvm.dll+0x6d626d]
C  [ucrtbase.dll+0x29333]
C  [KERNEL32.DLL+0x1257d]
C  [ntdll.dll+0x5af08]


---------------  P R O C E S S  ---------------

Threads class SMR info:
_java_thread_list=0x000001a2101845b0, length=41, elements={
0x000001a1b07bd9b0, 0x000001a1b087c9a0, 0x000001a1b087e2e0, 0x000001a1b0736d20,
0x000001a1b0737c00, 0x000001a1b0738860, 0x000001a1b0739fe0, 0x000001a1b073cf30,
0x000001a209b0ead0, 0x000001a209c5e570, 0x000001a209e93f10, 0x000001a20e4e4700,
0x000001a20e4e2630, 0x000001a20e4e39e0, 0x000001a20e609530, 0x000001a20e60bc90,
0x000001a20e60a250, 0x000001a20e60af70, 0x000001a20e608810, 0x000001a20e60b600,
0x000001a20e609bc0, 0x000001a20e60a8e0, 0x000001a20e4e3350, 0x000001a20e4e1910,
0x000001a20e4e2cc0, 0x000001a20e4e1fa0, 0x000001a2106dac50, 0x000001a2106d5070,
0x000001a2106d3cc0, 0x000001a2106d5700, 0x000001a2106d4350, 0x000001a2106d6ab0,
0x000001a2106da5c0, 0x000001a2106d9f30, 0x000001a2106d84f0, 0x000001a20f1a1980,
0x000001a20f1a0c60, 0x000001a20f19c430, 0x000001a20f1a12f0, 0x000001a20f19ff40,
0x000001a20f1a2010
}

Java Threads: ( => current thread )
  0x000001a1b07bd9b0 JavaThread "main"                              [_thread_blocked, id=20036, stack(0x00000013fef00000,0x00000013ff000000) (1024K)]
  0x000001a1b087c9a0 JavaThread "Reference Handler"          daemon [_thread_blocked, id=19844, stack(0x00000013ff300000,0x00000013ff400000) (1024K)]
  0x000001a1b087e2e0 JavaThread "Finalizer"                  daemon [_thread_blocked, id=19820, stack(0x00000013ff400000,0x00000013ff500000) (1024K)]
  0x000001a1b0736d20 JavaThread "Signal Dispatcher"          daemon [_thread_blocked, id=12256, stack(0x00000013ff500000,0x00000013ff600000) (1024K)]
  0x000001a1b0737c00 JavaThread "Attach Listener"            daemon [_thread_blocked, id=15624, stack(0x00000013ff600000,0x00000013ff700000) (1024K)]
  0x000001a1b0738860 JavaThread "Service Thread"             daemon [_thread_blocked, id=18348, stack(0x00000013ff700000,0x00000013ff800000) (1024K)]
  0x000001a1b0739fe0 JavaThread "Monitor Deflation Thread"   daemon [_thread_blocked, id=7808, stack(0x00000013ff800000,0x00000013ff900000) (1024K)]
=>0x000001a1b073cf30 JavaThread "C2 CompilerThread0"         daemon [_thread_in_native, id=21184, stack(0x00000013ff900000,0x00000013ffa00000) (1024K)]
  0x000001a209b0ead0 JavaThread "C1 CompilerThread0"         daemon [_thread_blocked, id=12588, stack(0x00000013ffa00000,0x00000013ffb00000) (1024K)]
  0x000001a209c5e570 JavaThread "Common-Cleaner"             daemon [_thread_blocked, id=9652, stack(0x00000013ffb00000,0x00000013ffc00000) (1024K)]
  0x000001a209e93f10 JavaThread "Notification Thread"        daemon [_thread_blocked, id=23360, stack(0x00000013ffd00000,0x00000013ffe00000) (1024K)]
  0x000001a20e4e4700 JavaThread "Active Thread: Equinox Container: 65fe6f3e-1379-44ea-b92c-8cdd1b791368"        [_thread_blocked, id=22388, stack(0x0000001380a00000,0x0000001380b00000) (1024K)]
  0x000001a20e4e2630 JavaThread "Framework Event Dispatcher: Equinox Container: 65fe6f3e-1379-44ea-b92c-8cdd1b791368" daemon [_thread_blocked, id=20676, stack(0x0000001380b00000,0x0000001380c00000) (1024K)]
  0x000001a20e4e39e0 JavaThread "Start Level: Equinox Container: 65fe6f3e-1379-44ea-b92c-8cdd1b791368" daemon [_thread_blocked, id=3536, stack(0x0000001380c00000,0x0000001380d00000) (1024K)]
  0x000001a20e609530 JavaThread "Bundle File Closer"         daemon [_thread_blocked, id=13372, stack(0x0000001380e00000,0x0000001380f00000) (1024K)]
  0x000001a20e60bc90 JavaThread "Refresh Thread: Equinox Container: 65fe6f3e-1379-44ea-b92c-8cdd1b791368" daemon [_thread_blocked, id=14004, stack(0x0000001380f00000,0x0000001381000000) (1024K)]
  0x000001a20e60a250 JavaThread "SCR Component Actor"        daemon [_thread_blocked, id=19728, stack(0x0000001380500000,0x0000001380600000) (1024K)]
  0x000001a20e60af70 JavaThread "Worker-JM"                         [_thread_blocked, id=16668, stack(0x0000001380600000,0x0000001380700000) (1024K)]
  0x000001a20e608810 JavaThread "JNA Cleaner"                daemon [_thread_blocked, id=15152, stack(0x0000001380700000,0x0000001380800000) (1024K)]
  0x000001a20e60b600 JavaThread "Worker-0"                          [_thread_blocked, id=12576, stack(0x0000001380800000,0x0000001380900000) (1024K)]
  0x000001a20e609bc0 JavaThread "Java indexing"              daemon [_thread_blocked, id=11276, stack(0x0000001381100000,0x0000001381200000) (1024K)]
  0x000001a20e60a8e0 JavaThread "Worker-2"                          [_thread_blocked, id=10720, stack(0x0000001381200000,0x0000001381300000) (1024K)]
  0x000001a20e4e3350 JavaThread "Thread-1"                   daemon [_thread_in_native, id=4632, stack(0x0000001381500000,0x0000001381600000) (1024K)]
  0x000001a20e4e1910 JavaThread "Thread-2"                   daemon [_thread_in_native, id=19340, stack(0x0000001381600000,0x0000001381700000) (1024K)]
  0x000001a20e4e2cc0 JavaThread "Thread-3"                   daemon [_thread_in_native, id=1340, stack(0x0000001381700000,0x0000001381800000) (1024K)]
  0x000001a20e4e1fa0 JavaThread "Thread-4"                   daemon [_thread_in_native, id=16472, stack(0x0000001381800000,0x0000001381900000) (1024K)]
  0x000001a2106dac50 JavaThread "Thread-5"                   daemon [_thread_in_native, id=23296, stack(0x0000001381900000,0x0000001381a00000) (1024K)]
  0x000001a2106d5070 JavaThread "Thread-6"                   daemon [_thread_in_native, id=5640, stack(0x0000001381a00000,0x0000001381b00000) (1024K)]
  0x000001a2106d3cc0 JavaThread "Thread-7"                   daemon [_thread_in_native, id=12492, stack(0x0000001381b00000,0x0000001381c00000) (1024K)]
  0x000001a2106d5700 JavaThread "Thread-8"                   daemon [_thread_in_native, id=16992, stack(0x0000001381c00000,0x0000001381d00000) (1024K)]
  0x000001a2106d4350 JavaThread "Thread-9"                   daemon [_thread_in_native, id=12024, stack(0x0000001381d00000,0x0000001381e00000) (1024K)]
  0x000001a2106d6ab0 JavaThread "pool-2-thread-1"                   [_thread_blocked, id=23280, stack(0x0000001381e00000,0x0000001381f00000) (1024K)]
  0x000001a2106da5c0 JavaThread "WorkspaceEventsHandler"            [_thread_blocked, id=12300, stack(0x0000001381f00000,0x0000001382000000) (1024K)]
  0x000001a2106d9f30 JavaThread "pool-1-thread-1"                   [_thread_blocked, id=21740, stack(0x0000001382000000,0x0000001382100000) (1024K)]
  0x000001a2106d84f0 JavaThread "ForkJoinPool.commonPool-worker-2" daemon [_thread_blocked, id=2116, stack(0x0000001382a00000,0x0000001382b00000) (1024K)]
  0x000001a20f1a1980 JavaThread "ForkJoinPool.commonPool-worker-3" daemon [_thread_blocked, id=2908, stack(0x0000001382b00000,0x0000001382c00000) (1024K)]
  0x000001a20f1a0c60 JavaThread "ForkJoinPool.commonPool-worker-4" daemon [_thread_blocked, id=10268, stack(0x0000001382c00000,0x0000001382d00000) (1024K)]
  0x000001a20f19c430 JavaThread "ForkJoinPool.commonPool-worker-5" daemon [_thread_in_native, id=22752, stack(0x0000001382d00000,0x0000001382e00000) (1024K)]
  0x000001a20f1a12f0 JavaThread "ForkJoinPool.commonPool-worker-6" daemon [_thread_blocked, id=24192, stack(0x0000001382e00000,0x0000001382f00000) (1024K)]
  0x000001a20f19ff40 JavaThread "ForkJoinPool.commonPool-worker-7" daemon [_thread_blocked, id=13256, stack(0x0000001382f00000,0x0000001383000000) (1024K)]
  0x000001a20f1a2010 JavaThread "ForkJoinPool.commonPool-worker-8" daemon [_thread_blocked, id=8452, stack(0x0000001380400000,0x0000001380500000) (1024K)]
Total: 41

Other Threads:
  0x000001a1b085f2b0 VMThread "VM Thread"                           [id=23984, stack(0x00000013ff200000,0x00000013ff300000) (1024K)]
  0x000001a1b0829f30 WatcherThread "VM Periodic Task Thread"        [id=13324, stack(0x00000013ff100000,0x00000013ff200000) (1024K)]
  0x000001a1b07dca40 WorkerThread "GC Thread#0"                     [id=5244, stack(0x00000013ff000000,0x00000013ff100000) (1024K)]
  0x000001a209db21e0 WorkerThread "GC Thread#1"                     [id=24184, stack(0x00000013ffe00000,0x00000013fff00000) (1024K)]
  0x000001a209db3450 WorkerThread "GC Thread#2"                     [id=19964, stack(0x00000013fff00000,0x0000001400000000) (1024K)]
  0x000001a209db3800 WorkerThread "GC Thread#3"                     [id=5412, stack(0x0000001380000000,0x0000001380100000) (1024K)]
  0x000001a209db1e30 WorkerThread "GC Thread#4"                     [id=5428, stack(0x0000001380100000,0x0000001380200000) (1024K)]
  0x000001a209db2590 WorkerThread "GC Thread#5"                     [id=18524, stack(0x0000001380200000,0x0000001380300000) (1024K)]
  0x000001a209db2940 WorkerThread "GC Thread#6"                     [id=15324, stack(0x0000001380300000,0x0000001380400000) (1024K)]
  0x000001a20e7b80e0 WorkerThread "GC Thread#7"                     [id=23524, stack(0x0000001380d00000,0x0000001380e00000) (1024K)]
Total: 10

Threads with active compile tasks:
C2 CompilerThread0  149211 13402       4       org.eclipse.jdt.internal.core.JarPackageFragmentRoot::initRawPackageInfo (292 bytes)
Total: 1

VM state: not at safepoint (normal execution)

VM Mutex/Monitor currently owned by a thread: None

Heap address: 0x0000000080000000, size: 2048 MB, Compressed Oops mode: 32-bit

CDS archive(s) mapped at: [0x000001a1c8000000-0x000001a1c8ba0000-0x000001a1c8ba0000), size 12189696, SharedBaseAddress: 0x000001a1c8000000, ArchiveRelocationMode: 1.
Compressed class space mapped at: 0x000001a1c9000000-0x000001a209000000, reserved size: 1073741824
Narrow klass base: 0x000001a1c8000000, Narrow klass shift: 0, Narrow klass range: 0x100000000

GC Precious Log:
 CardTable entry size: 512
 CPUs: 8 total, 8 available
 Memory: 7859M
 Large Page Support: Disabled
 NUMA Support: Disabled
 Compressed Oops: Enabled (32-bit)
 Alignments: Space 512K, Generation 512K, Heap 2M
 Heap Min Capacity: 100M
 Heap Initial Capacity: 100M
 Heap Max Capacity: 2G
 Pre-touch: Disabled
 Parallel Workers: 8

Heap:
 PSYoungGen      total 3584K, used 1661K [0x00000000d5580000, 0x00000000d5a80000, 0x0000000100000000)
  eden space 3072K, 44% used [0x00000000d5580000,0x00000000d56d74c8,0x00000000d5880000)
  from space 512K, 56% used [0x00000000d5a00000,0x00000000d5a48000,0x00000000d5a80000)
  to   space 512K, 0% used [0x00000000d5980000,0x00000000d5980000,0x00000000d5a00000)
 ParOldGen       total 193536K, used 83009K [0x0000000080000000, 0x000000008bd00000, 0x00000000d5580000)
  object space 193536K, 42% used [0x0000000080000000,0x0000000085110708,0x000000008bd00000)
 Metaspace       used 62202K, committed 63616K, reserved 1114112K
  class space    used 6581K, committed 7232K, reserved 1048576K

Card table byte_map: [0x000001a1b0160000,0x000001a1b0570000] _byte_map_base: 0x000001a1afd60000

Marking Bits: (ParMarkBitMap*) 0x00007ff909e53450
 Begin Bits: [0x000001a1c2c70000, 0x000001a1c4c70000)
 End Bits:   [0x000001a1c4c70000, 0x000001a1c6c70000)

Polling page: 0x000001a1ae770000

Metaspace:

Usage:
  Non-class:     54.32 MB used.
      Class:      6.43 MB used.
       Both:     60.74 MB used.

Virtual space:
  Non-class space:       64.00 MB reserved,      55.06 MB ( 86%) committed,  1 nodes.
      Class space:        1.00 GB reserved,       7.06 MB ( <1%) committed,  1 nodes.
             Both:        1.06 GB reserved,      62.12 MB (  6%) committed. 

Chunk freelists:
   Non-Class:  8.75 MB
       Class:  8.91 MB
        Both:  17.66 MB

MaxMetaspaceSize: unlimited
CompressedClassSpaceSize: 1.00 GB
Initial GC threshold: 21.00 MB
Current GC threshold: 97.31 MB
CDS: on
 - commit_granule_bytes: 65536.
 - commit_granule_words: 8192.
 - virtual_space_node_default_size: 8388608.
 - enlarge_chunks_in_place: 1.
 - use_allocation_guard: 0.


Internal statistics:

num_allocs_failed_limit: 9.
num_arena_births: 1152.
num_arena_deaths: 16.
num_vsnodes_births: 2.
num_vsnodes_deaths: 0.
num_space_committed: 994.
num_space_uncommitted: 0.
num_chunks_returned_to_freelist: 25.
num_chunks_taken_from_freelist: 4099.
num_chunk_merges: 10.
num_chunk_splits: 2510.
num_chunks_enlarged: 1440.
num_inconsistent_stats: 0.

CodeHeap 'non-profiled nmethods': size=120000Kb used=9629Kb max_used=9629Kb free=110370Kb
 bounds [0x000001a1bb490000, 0x000001a1bbe00000, 0x000001a1c29c0000]
CodeHeap 'profiled nmethods': size=120000Kb used=28405Kb max_used=28405Kb free=91594Kb
 bounds [0x000001a1b39c0000, 0x000001a1b5580000, 0x000001a1baef0000]
CodeHeap 'non-nmethods': size=5760Kb used=1418Kb max_used=1482Kb free=4341Kb
 bounds [0x000001a1baef0000, 0x000001a1bb160000, 0x000001a1bb490000]
CodeCache: size=245760Kb, used=39452Kb, max_used=39516Kb, free=206305Kb
 total_blobs=13110, nmethods=12390, adapters=626, full_count=0
Compilation: enabled, stopped_count=0, restarted_count=0

Compilation events (20 events):
Event: 148.756 Thread 0x000001a209b0ead0 13400       3       jdk.internal.jrtfs.JrtPath::toAbsolutePath (44 bytes)
Event: 148.763 Thread 0x000001a209b0ead0 nmethod 13400 0x000001a1b556fc90 code [0x000001a1b556ff40, 0x000001a1b5570c60]
Event: 148.763 Thread 0x000001a209b0ead0 13401       3       org.eclipse.jdt.internal.core.JavaProject$ModuleLookup::addTransitive (71 bytes)
Event: 148.764 Thread 0x000001a209b0ead0 nmethod 13401 0x000001a1b5571190 code [0x000001a1b55713a0, 0x000001a1b5571968]
Event: 148.773 Thread 0x000001a1b073cf30 nmethod 13391 0x000001a1bb6f2790 code [0x000001a1bb6f2a40, 0x000001a1bb6f3dc0]
Event: 148.791 Thread 0x000001a1b073cf30 13402       4       org.eclipse.jdt.internal.core.JarPackageFragmentRoot::initRawPackageInfo (292 bytes)
Event: 148.947 Thread 0x000001a209b0ead0 13404       3       java.util.HashMap$HashIterator::remove (75 bytes)
Event: 148.948 Thread 0x000001a209b0ead0 nmethod 13404 0x000001a1b5571c90 code [0x000001a1b5571e80, 0x000001a1b5572250]
Event: 148.987 Thread 0x000001a209b0ead0 13405   !   3       org.eclipse.jdt.internal.compiler.classfmt.ClassFileReader::toUri (51 bytes)
Event: 148.991 Thread 0x000001a209b0ead0 nmethod 13405 0x000001a1b5572410 code [0x000001a1b5572740, 0x000001a1b5573720]
Event: 149.002 Thread 0x000001a209b0ead0 13406       3       org.eclipse.jdt.internal.core.JavaModelManager::getZipFile (7 bytes)
Event: 149.003 Thread 0x000001a209b0ead0 nmethod 13406 0x000001a1b5573d90 code [0x000001a1b5573f40, 0x000001a1b5574088]
Event: 149.003 Thread 0x000001a209b0ead0 13407       3       org.eclipse.jdt.internal.core.JavaModelManager::getOption (159 bytes)
Event: 149.010 Thread 0x000001a209b0ead0 nmethod 13407 0x000001a1b5574110 code [0x000001a1b55744e0, 0x000001a1b5575da0]
Event: 149.010 Thread 0x000001a209b0ead0 13408   !   3       org.eclipse.jdt.internal.core.Openable::generateInfos (175 bytes)
Event: 149.014 Thread 0x000001a209b0ead0 nmethod 13408 0x000001a1b5576590 code [0x000001a1b5576960, 0x000001a1b5578230]
Event: 149.025 Thread 0x000001a209b0ead0 13410       3       org.eclipse.jdt.internal.core.JavaProject::getEclipsePreferences (178 bytes)
Event: 149.039 Thread 0x000001a209b0ead0 nmethod 13410 0x000001a1b5578990 code [0x000001a1b5578e00, 0x000001a1b557b018]
Event: 149.053 Thread 0x000001a209b0ead0 13411       3       org.eclipse.jdt.internal.core.JarPackageFragmentRoot::getJar (11 bytes)
Event: 149.055 Thread 0x000001a209b0ead0 nmethod 13411 0x000001a1b557be10 code [0x000001a1b557c020, 0x000001a1b557c930]

GC Heap History (20 events):
Event: 148.824 GC heap before
{Heap before GC invocations=516 (full 3):
 PSYoungGen      total 3584K, used 3362K [0x00000000d5580000, 0x00000000d5a80000, 0x0000000100000000)
  eden space 3072K, 100% used [0x00000000d5580000,0x00000000d5880000,0x00000000d5880000)
  from space 512K, 56% used [0x00000000d5a00000,0x00000000d5a488e0,0x00000000d5a80000)
  to   space 512K, 0% used [0x00000000d5980000,0x00000000d5980000,0x00000000d5a00000)
 ParOldGen       total 193536K, used 80303K [0x0000000080000000, 0x000000008bd00000, 0x00000000d5580000)
  object space 193536K, 41% used [0x0000000080000000,0x0000000084e6bd98,0x000000008bd00000)
 Metaspace       used 62201K, committed 63616K, reserved 1114112K
  class space    used 6581K, committed 7232K, reserved 1048576K
}
Event: 148.829 GC heap after
{Heap after GC invocations=516 (full 3):
 PSYoungGen      total 3584K, used 393K [0x00000000d5580000, 0x00000000d5a80000, 0x0000000100000000)
  eden space 3072K, 0% used [0x00000000d5580000,0x00000000d5580000,0x00000000d5880000)
  from space 512K, 76% used [0x00000000d5980000,0x00000000d59e2400,0x00000000d5a00000)
  to   space 512K, 0% used [0x00000000d5a00000,0x00000000d5a00000,0x00000000d5a80000)
 ParOldGen       total 193536K, used 80423K [0x0000000080000000, 0x000000008bd00000, 0x00000000d5580000)
  object space 193536K, 41% used [0x0000000080000000,0x0000000084e89d98,0x000000008bd00000)
 Metaspace       used 62201K, committed 63616K, reserved 1114112K
  class space    used 6581K, committed 7232K, reserved 1048576K
}
Event: 148.887 GC heap before
{Heap before GC invocations=517 (full 3):
 PSYoungGen      total 3584K, used 3465K [0x00000000d5580000, 0x00000000d5a80000, 0x0000000100000000)
  eden space 3072K, 100% used [0x00000000d5580000,0x00000000d5880000,0x00000000d5880000)
  from space 512K, 76% used [0x00000000d5980000,0x00000000d59e2400,0x00000000d5a00000)
  to   space 512K, 0% used [0x00000000d5a00000,0x00000000d5a00000,0x00000000d5a80000)
 ParOldGen       total 193536K, used 80423K [0x0000000080000000, 0x000000008bd00000, 0x00000000d5580000)
  object space 193536K, 41% used [0x0000000080000000,0x0000000084e89d98,0x000000008bd00000)
 Metaspace       used 62201K, committed 63616K, reserved 1114112K
  class space    used 6581K, committed 7232K, reserved 1048576K
}
Event: 148.891 GC heap after
{Heap after GC invocations=517 (full 3):
 PSYoungGen      total 3584K, used 386K [0x00000000d5580000, 0x00000000d5a80000, 0x0000000100000000)
  eden space 3072K, 0% used [0x00000000d5580000,0x00000000d5580000,0x00000000d5880000)
  from space 512K, 75% used [0x00000000d5a00000,0x00000000d5a60aa8,0x00000000d5a80000)
  to   space 512K, 0% used [0x00000000d5980000,0x00000000d5980000,0x00000000d5a00000)
 ParOldGen       total 193536K, used 81224K [0x0000000080000000, 0x000000008bd00000, 0x00000000d5580000)
  object space 193536K, 41% used [0x0000000080000000,0x0000000084f522a8,0x000000008bd00000)
 Metaspace       used 62201K, committed 63616K, reserved 1114112K
  class space    used 6581K, committed 7232K, reserved 1048576K
}
Event: 148.917 GC heap before
{Heap before GC invocations=518 (full 3):
 PSYoungGen      total 3584K, used 3458K [0x00000000d5580000, 0x00000000d5a80000, 0x0000000100000000)
  eden space 3072K, 100% used [0x00000000d5580000,0x00000000d5880000,0x00000000d5880000)
  from space 512K, 75% used [0x00000000d5a00000,0x00000000d5a60aa8,0x00000000d5a80000)
  to   space 512K, 0% used [0x00000000d5980000,0x00000000d5980000,0x00000000d5a00000)
 ParOldGen       total 193536K, used 81224K [0x0000000080000000, 0x000000008bd00000, 0x00000000d5580000)
  object space 193536K, 41% used [0x0000000080000000,0x0000000084f522a8,0x000000008bd00000)
 Metaspace       used 62201K, committed 63616K, reserved 1114112K
  class space    used 6581K, committed 7232K, reserved 1048576K
}
Event: 148.919 GC heap after
{Heap after GC invocations=518 (full 3):
 PSYoungGen      total 3584K, used 315K [0x00000000d5580000, 0x00000000d5a80000, 0x0000000100000000)
  eden space 3072K, 0% used [0x00000000d5580000,0x00000000d5580000,0x00000000d5880000)
  from space 512K, 61% used [0x00000000d5980000,0x00000000d59cef68,0x00000000d5a00000)
  to   space 512K, 0% used [0x00000000d5a00000,0x00000000d5a00000,0x00000000d5a80000)
 ParOldGen       total 193536K, used 81496K [0x0000000080000000, 0x000000008bd00000, 0x00000000d5580000)
  object space 193536K, 42% used [0x0000000080000000,0x0000000084f96160,0x000000008bd00000)
 Metaspace       used 62201K, committed 63616K, reserved 1114112K
  class space    used 6581K, committed 7232K, reserved 1048576K
}
Event: 148.938 GC heap before
{Heap before GC invocations=519 (full 3):
 PSYoungGen      total 3584K, used 3387K [0x00000000d5580000, 0x00000000d5a80000, 0x0000000100000000)
  eden space 3072K, 100% used [0x00000000d5580000,0x00000000d5880000,0x00000000d5880000)
  from space 512K, 61% used [0x00000000d5980000,0x00000000d59cef68,0x00000000d5a00000)
  to   space 512K, 0% used [0x00000000d5a00000,0x00000000d5a00000,0x00000000d5a80000)
 ParOldGen       total 193536K, used 81496K [0x0000000080000000, 0x000000008bd00000, 0x00000000d5580000)
  object space 193536K, 42% used [0x0000000080000000,0x0000000084f96160,0x000000008bd00000)
 Metaspace       used 62201K, committed 63616K, reserved 1114112K
  class space    used 6581K, committed 7232K, reserved 1048576K
}
Event: 148.939 GC heap after
{Heap after GC invocations=519 (full 3):
 PSYoungGen      total 3584K, used 326K [0x00000000d5580000, 0x00000000d5a80000, 0x0000000100000000)
  eden space 3072K, 0% used [0x00000000d5580000,0x00000000d5580000,0x00000000d5880000)
  from space 512K, 63% used [0x00000000d5a00000,0x00000000d5a51810,0x00000000d5a80000)
  to   space 512K, 0% used [0x00000000d5980000,0x00000000d5980000,0x00000000d5a00000)
 ParOldGen       total 193536K, used 81650K [0x0000000080000000, 0x000000008bd00000, 0x00000000d5580000)
  object space 193536K, 42% used [0x0000000080000000,0x0000000084fbcb78,0x000000008bd00000)
 Metaspace       used 62201K, committed 63616K, reserved 1114112K
  class space    used 6581K, committed 7232K, reserved 1048576K
}
Event: 148.952 GC heap before
{Heap before GC invocations=520 (full 3):
 PSYoungGen      total 3584K, used 3398K [0x00000000d5580000, 0x00000000d5a80000, 0x0000000100000000)
  eden space 3072K, 100% used [0x00000000d5580000,0x00000000d5880000,0x00000000d5880000)
  from space 512K, 63% used [0x00000000d5a00000,0x00000000d5a51810,0x00000000d5a80000)
  to   space 512K, 0% used [0x00000000d5980000,0x00000000d5980000,0x00000000d5a00000)
 ParOldGen       total 193536K, used 81650K [0x0000000080000000, 0x000000008bd00000, 0x00000000d5580000)
  object space 193536K, 42% used [0x0000000080000000,0x0000000084fbcb78,0x000000008bd00000)
 Metaspace       used 62202K, committed 63616K, reserved 1114112K
  class space    used 6581K, committed 7232K, reserved 1048576K
}
Event: 148.954 GC heap after
{Heap after GC invocations=520 (full 3):
 PSYoungGen      total 3584K, used 320K [0x00000000d5580000, 0x00000000d5a80000, 0x0000000100000000)
  eden space 3072K, 0% used [0x00000000d5580000,0x00000000d5580000,0x00000000d5880000)
  from space 512K, 62% used [0x00000000d5980000,0x00000000d59d0000,0x00000000d5a00000)
  to   space 512K, 0% used [0x00000000d5a00000,0x00000000d5a00000,0x00000000d5a80000)
 ParOldGen       total 193536K, used 81833K [0x0000000080000000, 0x000000008bd00000, 0x00000000d5580000)
  object space 193536K, 42% used [0x0000000080000000,0x0000000084fea490,0x000000008bd00000)
 Metaspace       used 62202K, committed 63616K, reserved 1114112K
  class space    used 6581K, committed 7232K, reserved 1048576K
}
Event: 148.975 GC heap before
{Heap before GC invocations=521 (full 3):
 PSYoungGen      total 3584K, used 3391K [0x00000000d5580000, 0x00000000d5a80000, 0x0000000100000000)
  eden space 3072K, 99% used [0x00000000d5580000,0x00000000d587ff68,0x00000000d5880000)
  from space 512K, 62% used [0x00000000d5980000,0x00000000d59d0000,0x00000000d5a00000)
  to   space 512K, 0% used [0x00000000d5a00000,0x00000000d5a00000,0x00000000d5a80000)
 ParOldGen       total 193536K, used 81833K [0x0000000080000000, 0x000000008bd00000, 0x00000000d5580000)
  object space 193536K, 42% used [0x0000000080000000,0x0000000084fea490,0x000000008bd00000)
 Metaspace       used 62202K, committed 63616K, reserved 1114112K
  class space    used 6581K, committed 7232K, reserved 1048576K
}
Event: 148.977 GC heap after
{Heap after GC invocations=521 (full 3):
 PSYoungGen      total 3584K, used 378K [0x00000000d5580000, 0x00000000d5a80000, 0x0000000100000000)
  eden space 3072K, 0% used [0x00000000d5580000,0x00000000d5580000,0x00000000d5880000)
  from space 512K, 73% used [0x00000000d5a00000,0x00000000d5a5e818,0x00000000d5a80000)
  to   space 512K, 0% used [0x00000000d5980000,0x00000000d5980000,0x00000000d5a00000)
 ParOldGen       total 193536K, used 81946K [0x0000000080000000, 0x000000008bd00000, 0x00000000d5580000)
  object space 193536K, 42% used [0x0000000080000000,0x0000000085006b30,0x000000008bd00000)
 Metaspace       used 62202K, committed 63616K, reserved 1114112K
  class space    used 6581K, committed 7232K, reserved 1048576K
}
Event: 149.006 GC heap before
{Heap before GC invocations=522 (full 3):
 PSYoungGen      total 3584K, used 3450K [0x00000000d5580000, 0x00000000d5a80000, 0x0000000100000000)
  eden space 3072K, 100% used [0x00000000d5580000,0x00000000d5880000,0x00000000d5880000)
  from space 512K, 73% used [0x00000000d5a00000,0x00000000d5a5e818,0x00000000d5a80000)
  to   space 512K, 0% used [0x00000000d5980000,0x00000000d5980000,0x00000000d5a00000)
 ParOldGen       total 193536K, used 81946K [0x0000000080000000, 0x000000008bd00000, 0x00000000d5580000)
  object space 193536K, 42% used [0x0000000080000000,0x0000000085006b30,0x000000008bd00000)
 Metaspace       used 62202K, committed 63616K, reserved 1114112K
  class space    used 6581K, committed 7232K, reserved 1048576K
}
Event: 149.008 GC heap after
{Heap after GC invocations=522 (full 3):
 PSYoungGen      total 3584K, used 256K [0x00000000d5580000, 0x00000000d5a80000, 0x0000000100000000)
  eden space 3072K, 0% used [0x00000000d5580000,0x00000000d5580000,0x00000000d5880000)
  from space 512K, 50% used [0x00000000d5980000,0x00000000d59c0000,0x00000000d5a00000)
  to   space 512K, 0% used [0x00000000d5a00000,0x00000000d5a00000,0x00000000d5a80000)
 ParOldGen       total 193536K, used 82147K [0x0000000080000000, 0x000000008bd00000, 0x00000000d5580000)
  object space 193536K, 42% used [0x0000000080000000,0x0000000085038c30,0x000000008bd00000)
 Metaspace       used 62202K, committed 63616K, reserved 1114112K
  class space    used 6581K, committed 7232K, reserved 1048576K
}
Event: 149.031 GC heap before
{Heap before GC invocations=523 (full 3):
 PSYoungGen      total 3584K, used 3328K [0x00000000d5580000, 0x00000000d5a80000, 0x0000000100000000)
  eden space 3072K, 100% used [0x00000000d5580000,0x00000000d5880000,0x00000000d5880000)
  from space 512K, 50% used [0x00000000d5980000,0x00000000d59c0000,0x00000000d5a00000)
  to   space 512K, 0% used [0x00000000d5a00000,0x00000000d5a00000,0x00000000d5a80000)
 ParOldGen       total 193536K, used 82147K [0x0000000080000000, 0x000000008bd00000, 0x00000000d5580000)
  object space 193536K, 42% used [0x0000000080000000,0x0000000085038c30,0x000000008bd00000)
 Metaspace       used 62202K, committed 63616K, reserved 1114112K
  class space    used 6581K, committed 7232K, reserved 1048576K
}
Event: 149.034 GC heap after
{Heap after GC invocations=523 (full 3):
 PSYoungGen      total 3584K, used 304K [0x00000000d5580000, 0x00000000d5a80000, 0x0000000100000000)
  eden space 3072K, 0% used [0x00000000d5580000,0x00000000d5580000,0x00000000d5880000)
  from space 512K, 59% used [0x00000000d5a00000,0x00000000d5a4c120,0x00000000d5a80000)
  to   space 512K, 0% used [0x00000000d5980000,0x00000000d5980000,0x00000000d5a00000)
 ParOldGen       total 193536K, used 82288K [0x0000000080000000, 0x000000008bd00000, 0x00000000d5580000)
  object space 193536K, 42% used [0x0000000080000000,0x000000008505c2c8,0x000000008bd00000)
 Metaspace       used 62202K, committed 63616K, reserved 1114112K
  class space    used 6581K, committed 7232K, reserved 1048576K
}
Event: 149.051 GC heap before
{Heap before GC invocations=524 (full 3):
 PSYoungGen      total 3584K, used 3376K [0x00000000d5580000, 0x00000000d5a80000, 0x0000000100000000)
  eden space 3072K, 100% used [0x00000000d5580000,0x00000000d5880000,0x00000000d5880000)
  from space 512K, 59% used [0x00000000d5a00000,0x00000000d5a4c120,0x00000000d5a80000)
  to   space 512K, 0% used [0x00000000d5980000,0x00000000d5980000,0x00000000d5a00000)
 ParOldGen       total 193536K, used 82288K [0x0000000080000000, 0x000000008bd00000, 0x00000000d5580000)
  object space 193536K, 42% used [0x0000000080000000,0x000000008505c2c8,0x000000008bd00000)
 Metaspace       used 62202K, committed 63616K, reserved 1114112K
  class space    used 6581K, committed 7232K, reserved 1048576K
}
Event: 149.052 GC heap after
{Heap after GC invocations=524 (full 3):
 PSYoungGen      total 3584K, used 288K [0x00000000d5580000, 0x00000000d5a80000, 0x0000000100000000)
  eden space 3072K, 0% used [0x00000000d5580000,0x00000000d5580000,0x00000000d5880000)
  from space 512K, 56% used [0x00000000d5980000,0x00000000d59c8000,0x00000000d5a00000)
  to   space 512K, 0% used [0x00000000d5a00000,0x00000000d5a00000,0x00000000d5a80000)
 ParOldGen       total 193536K, used 82451K [0x0000000080000000, 0x000000008bd00000, 0x00000000d5580000)
  object space 193536K, 42% used [0x0000000080000000,0x0000000085084de0,0x000000008bd00000)
 Metaspace       used 62202K, committed 63616K, reserved 1114112K
  class space    used 6581K, committed 7232K, reserved 1048576K
}
Event: 149.099 GC heap before
{Heap before GC invocations=525 (full 3):
 PSYoungGen      total 3584K, used 3360K [0x00000000d5580000, 0x00000000d5a80000, 0x0000000100000000)
  eden space 3072K, 100% used [0x00000000d5580000,0x00000000d5880000,0x00000000d5880000)
  from space 512K, 56% used [0x00000000d5980000,0x00000000d59c8000,0x00000000d5a00000)
  to   space 512K, 0% used [0x00000000d5a00000,0x00000000d5a00000,0x00000000d5a80000)
 ParOldGen       total 193536K, used 82451K [0x0000000080000000, 0x000000008bd00000, 0x00000000d5580000)
  object space 193536K, 42% used [0x0000000080000000,0x0000000085084de0,0x000000008bd00000)
 Metaspace       used 62202K, committed 63616K, reserved 1114112K
  class space    used 6581K, committed 7232K, reserved 1048576K
}
Event: 149.102 GC heap after
{Heap after GC invocations=525 (full 3):
 PSYoungGen      total 3584K, used 341K [0x00000000d5580000, 0x00000000d5a80000, 0x0000000100000000)
  eden space 3072K, 0% used [0x00000000d5580000,0x00000000d5580000,0x00000000d5880000)
  from space 512K, 66% used [0x00000000d5a00000,0x00000000d5a55480,0x00000000d5a80000)
  to   space 512K, 0% used [0x00000000d5980000,0x00000000d5980000,0x00000000d5a00000)
 ParOldGen       total 193536K, used 82605K [0x0000000080000000, 0x000000008bd00000, 0x00000000d5580000)
  object space 193536K, 42% used [0x0000000080000000,0x00000000850ab720,0x000000008bd00000)
 Metaspace       used 62202K, committed 63616K, reserved 1114112K
  class space    used 6581K, committed 7232K, reserved 1048576K
}

Dll operation events (10 events):
Event: 0.036 Loaded shared library c:\Users\mugal\.antigravity\extensions\redhat.java-1.53.0-win32-x64\jre\21.0.10-win32-x86_64\bin\java.dll
Event: 0.270 Loaded shared library c:\Users\mugal\.antigravity\extensions\redhat.java-1.53.0-win32-x64\jre\21.0.10-win32-x86_64\bin\zip.dll
Event: 0.322 Loaded shared library C:\Users\mugal\.antigravity\extensions\redhat.java-1.53.0-win32-x64\jre\21.0.10-win32-x86_64\bin\instrument.dll
Event: 0.332 Loaded shared library C:\Users\mugal\.antigravity\extensions\redhat.java-1.53.0-win32-x64\jre\21.0.10-win32-x86_64\bin\net.dll
Event: 0.340 Loaded shared library C:\Users\mugal\.antigravity\extensions\redhat.java-1.53.0-win32-x64\jre\21.0.10-win32-x86_64\bin\nio.dll
Event: 0.348 Loaded shared library C:\Users\mugal\.antigravity\extensions\redhat.java-1.53.0-win32-x64\jre\21.0.10-win32-x86_64\bin\zip.dll
Event: 0.400 Loaded shared library C:\Users\mugal\.antigravity\extensions\redhat.java-1.53.0-win32-x64\jre\21.0.10-win32-x86_64\bin\jimage.dll
Event: 0.519 Loaded shared library c:\Users\mugal\.antigravity\extensions\redhat.java-1.53.0-win32-x64\jre\21.0.10-win32-x86_64\bin\verify.dll
Event: 6.560 Loaded shared library C:\Users\mugal\AppData\Roaming\Antigravity\User\globalStorage\redhat.java\1.53.0\config_win\org.eclipse.equinox.launcher\org.eclipse.equinox.launcher.win32.win32.x86_64_1.3.0.v20260203-2149\eclipse_11919.dll
Event: 19.604 Loaded shared library C:\Users\mugal\AppData\Local\Temp\jna-104251434\jna5771079902023507596.dll

Deoptimization events (20 events):
Event: 37.610 Thread 0x000001a20e60b600 Uncommon trap: trap_request=0xffffffc6 fr.pc=0x000001a1bba0fcbc relative=0x00000000000001fc
Event: 37.610 Thread 0x000001a20e60b600 Uncommon trap: reason=bimorphic_or_optimized_type_check action=maybe_recompile pc=0x000001a1bba0fcbc method=java.util.stream.AbstractPipeline.exactOutputSizeIfKnown(Ljava/util/Spliterator;)J @ 16 c2
Event: 37.610 Thread 0x000001a20e60b600 DEOPT PACKING pc=0x000001a1bba0fcbc sp=0x00000013808fe470
Event: 37.610 Thread 0x000001a20e60b600 DEOPT UNPACKING pc=0x000001a1baf46da2 sp=0x00000013808fe400 mode 2
Event: 37.742 Thread 0x000001a20e60b600 Uncommon trap: trap_request=0xffffff45 fr.pc=0x000001a1bbb6f748 relative=0x00000000000002a8
Event: 37.742 Thread 0x000001a20e60b600 Uncommon trap: reason=unstable_if action=reinterpret pc=0x000001a1bbb6f748 method=java.util.HashMap.putVal(ILjava/lang/Object;Ljava/lang/Object;ZZ)Ljava/lang/Object; @ 162 c2
Event: 37.742 Thread 0x000001a20e60b600 DEOPT PACKING pc=0x000001a1bbb6f748 sp=0x00000013808fe360
Event: 37.742 Thread 0x000001a20e60b600 DEOPT UNPACKING pc=0x000001a1baf46da2 sp=0x00000013808fe2c0 mode 2
Event: 37.743 Thread 0x000001a20e60b600 Uncommon trap: trap_request=0xffffff45 fr.pc=0x000001a1bb4ed630 relative=0x0000000000000450
Event: 37.743 Thread 0x000001a20e60b600 Uncommon trap: reason=unstable_if action=reinterpret pc=0x000001a1bb4ed630 method=java.util.HashMap.resize()[Ljava/util/HashMap$Node; @ 203 c2
Event: 37.743 Thread 0x000001a20e60b600 DEOPT PACKING pc=0x000001a1bb4ed630 sp=0x00000013808fe3d0
Event: 37.743 Thread 0x000001a20e60b600 DEOPT UNPACKING pc=0x000001a1baf46da2 sp=0x00000013808fe338 mode 2
Event: 126.606 Thread 0x000001a20e4e4700 Uncommon trap: trap_request=0xffffff45 fr.pc=0x000001a1bbbd6800 relative=0x00000000000002c0
Event: 126.611 Thread 0x000001a20e4e4700 Uncommon trap: reason=unstable_if action=reinterpret pc=0x000001a1bbbd6800 method=java.util.concurrent.FutureTask.run()V @ 4 c2
Event: 126.612 Thread 0x000001a20e4e4700 DEOPT PACKING pc=0x000001a1bbbd6800 sp=0x0000001380aff2b0
Event: 126.614 Thread 0x000001a20e4e4700 DEOPT UNPACKING pc=0x000001a1baf46da2 sp=0x0000001380aff230 mode 2
Event: 147.441 Thread 0x000001a20f19ff40 Uncommon trap: trap_request=0xffffff45 fr.pc=0x000001a1bb96d730 relative=0x0000000000000270
Event: 147.441 Thread 0x000001a20f19ff40 Uncommon trap: reason=unstable_if action=reinterpret pc=0x000001a1bb96d730 method=org.eclipse.jdt.internal.core.index.DiskIndex.addQueryResults([[C[CILorg/eclipse/jdt/internal/core/index/MemoryIndex;)Lorg/eclipse/jdt/internal/compiler/util/HashtableOfObje
Event: 147.441 Thread 0x000001a20f19ff40 DEOPT PACKING pc=0x000001a1bb96d730 sp=0x0000001382ffe7e0
Event: 147.443 Thread 0x000001a20f19ff40 DEOPT UNPACKING pc=0x000001a1baf46da2 sp=0x0000001382ffe730 mode 2

Classes loaded (20 events):
Event: 28.115 Loading class java/lang/invoke/MethodHandleImpl$CountingWrapper$1
Event: 28.115 Loading class java/lang/invoke/MethodHandleImpl$CountingWrapper$1 done
Event: 31.351 Loading class sun/nio/cs/ISO_8859_1$Decoder
Event: 31.354 Loading class sun/nio/cs/ISO_8859_1$Decoder done
Event: 32.249 Loading class java/util/Collections$2
Event: 32.249 Loading class java/util/Collections$2 done
Event: 36.680 Loading class java/util/Vector$1
Event: 36.680 Loading class java/util/Vector$1 done
Event: 37.175 Loading class java/util/stream/ReferencePipeline$4
Event: 37.175 Loading class java/util/stream/ReferencePipeline$4 done
Event: 37.175 Loading class java/util/stream/Nodes$IntFixedNodeBuilder
Event: 37.176 Loading class java/util/stream/Node$Builder$OfInt
Event: 37.176 Loading class java/util/stream/Node$Builder$OfInt done
Event: 37.176 Loading class java/util/stream/Nodes$IntArrayNode
Event: 37.176 Loading class java/util/stream/Nodes$IntArrayNode done
Event: 37.176 Loading class java/util/stream/Nodes$IntFixedNodeBuilder done
Event: 37.176 Loading class java/util/stream/ReferencePipeline$4$1
Event: 37.176 Loading class java/util/stream/ReferencePipeline$4$1 done
Event: 37.478 Loading class java/util/Hashtable$ValueCollection
Event: 37.478 Loading class java/util/Hashtable$ValueCollection done

Classes unloaded (8 events):
Event: 20.279 Thread 0x000001a1b085f2b0 Unloading class 0x000001a1c91b4800 'java/lang/invoke/LambdaForm$MH+0x000001a1c91b4800'
Event: 20.279 Thread 0x000001a1b085f2b0 Unloading class 0x000001a1c91b4400 'java/lang/invoke/LambdaForm$MH+0x000001a1c91b4400'
Event: 20.279 Thread 0x000001a1b085f2b0 Unloading class 0x000001a1c91b4000 'java/lang/invoke/LambdaForm$MH+0x000001a1c91b4000'
Event: 20.279 Thread 0x000001a1b085f2b0 Unloading class 0x000001a1c91b3c00 'java/lang/invoke/LambdaForm$MH+0x000001a1c91b3c00'
Event: 20.279 Thread 0x000001a1b085f2b0 Unloading class 0x000001a1c91b3800 'java/lang/invoke/LambdaForm$BMH+0x000001a1c91b3800'
Event: 20.279 Thread 0x000001a1b085f2b0 Unloading class 0x000001a1c91b3400 'java/lang/invoke/LambdaForm$DMH+0x000001a1c91b3400'
Event: 20.279 Thread 0x000001a1b085f2b0 Unloading class 0x000001a1c91b2000 'java/lang/invoke/LambdaForm$DMH+0x000001a1c91b2000'
Event: 36.954 Thread 0x000001a1b085f2b0 Unloading class 0x000001a1c9641400 'java/lang/invoke/LambdaForm$DMH+0x000001a1c9641400'

Classes redefined (0 events):
No events

Internal exceptions (20 events):
Event: 32.250 Thread 0x000001a20e60b600 Exception <a 'sun/nio/fs/WindowsException'{0x00000000d569a3e8}> (0x00000000d569a3e8) 
thrown [s\src\hotspot\share\prims\jni.cpp, line 520]
Event: 32.250 Thread 0x000001a20e60b600 Exception <a 'sun/nio/fs/WindowsException'{0x00000000d569aa38}> (0x00000000d569aa38) 
thrown [s\src\hotspot\share\prims\jni.cpp, line 520]
Event: 33.427 Thread 0x000001a20e4e4700 Implicit null exception at 0x000001a1bb7d3799 to 0x000001a1bb7d3c60
Event: 33.958 Thread 0x000001a20f19c430 Exception <a 'sun/nio/fs/WindowsException'{0x00000000d56af538}> (0x00000000d56af538) 
thrown [s\src\hotspot\share\prims\jni.cpp, line 520]
Event: 33.958 Thread 0x000001a20f19c430 Exception <a 'sun/nio/fs/WindowsException'{0x00000000d56c66c8}> (0x00000000d56c66c8) 
thrown [s\src\hotspot\share\prims\jni.cpp, line 520]
Event: 33.961 Thread 0x000001a20f19c430 Exception <a 'sun/nio/fs/WindowsException'{0x00000000d5580050}> (0x00000000d5580050) 
thrown [s\src\hotspot\share\prims\jni.cpp, line 520]
Event: 33.962 Thread 0x000001a20f19c430 Exception <a 'sun/nio/fs/WindowsException'{0x00000000d5587e58}> (0x00000000d5587e58) 
thrown [s\src\hotspot\share\prims\jni.cpp, line 520]
Event: 33.962 Thread 0x000001a20f19c430 Exception <a 'sun/nio/fs/WindowsException'{0x00000000d559f5c8}> (0x00000000d559f5c8) 
thrown [s\src\hotspot\share\prims\jni.cpp, line 520]
Event: 33.962 Thread 0x000001a20f19c430 Exception <a 'sun/nio/fs/WindowsException'{0x00000000d55a0108}> (0x00000000d55a0108) 
thrown [s\src\hotspot\share\prims\jni.cpp, line 520]
Event: 33.972 Thread 0x000001a20f19c430 Exception <a 'sun/nio/fs/WindowsException'{0x00000000d5667148}> (0x00000000d5667148) 
thrown [s\src\hotspot\share\prims\jni.cpp, line 520]
Event: 33.972 Thread 0x000001a20f19c430 Exception <a 'sun/nio/fs/WindowsException'{0x00000000d5667c88}> (0x00000000d5667c88) 
thrown [s\src\hotspot\share\prims\jni.cpp, line 520]
Event: 34.228 Thread 0x000001a20e60b600 Implicit null exception at 0x000001a1bba09ca1 to 0x000001a1bba09fb4
Event: 34.683 Thread 0x000001a20e60b600 Implicit null exception at 0x000001a1bbce1e28 to 0x000001a1bbce26dc
Event: 34.757 Thread 0x000001a20e60b600 Implicit null exception at 0x000001a1bbd0c7be to 0x000001a1bbd1206c
Event: 36.276 Thread 0x000001a2106d7e60 Implicit null exception at 0x000001a1bb973590 to 0x000001a1bb973c54
Event: 36.469 Thread 0x000001a20e60b600 Exception <a 'java/lang/NoSuchMethodError'{0x00000000d55d1690}: 'java.lang.Object java.lang.invoke.DirectMethodHandle$Holder.invokeVirtual(java.lang.Object, java.lang.Object, int)'> (0x00000000d55d1690) 
thrown [s\src\hotspot\share\interpreter\linkResolver.cpp, line 773]
Event: 37.425 Thread 0x000001a20e60b600 Implicit null exception at 0x000001a1bbbfa423 to 0x000001a1bbbfa790
Event: 37.496 Thread 0x000001a20e60b600 Exception <a 'java/lang/NoSuchMethodError'{0x00000000d5641518}: 'java.lang.Object java.lang.invoke.DirectMethodHandle$Holder.invokeStatic(java.lang.Object, java.lang.Object, int, java.lang.Object)'> (0x00000000d5641518) 
thrown [s\src\hotspot\share\interpreter\linkResolver.cpp, line 773]
Event: 37.497 Thread 0x000001a20e60b600 Exception <a 'java/lang/NoSuchMethodError'{0x00000000d5647e70}: 'java.lang.Object java.lang.invoke.DirectMethodHandle$Holder.newInvokeSpecial(java.lang.Object, java.lang.Object, int)'> (0x00000000d5647e70) 
thrown [s\src\hotspot\share\interpreter\linkResolver.cpp, line 773]
Event: 148.725 Thread 0x000001a20f19c430 Exception <a 'java/lang/IncompatibleClassChangeError'{0x00000000d57134c8}: Found class java.lang.Object, but interface was expected> (0x00000000d57134c8) 
thrown [s\src\hotspot\share\interpreter\linkResolver.cpp, line 840]

ZGC Phase Switch (0 events):
No events

VM Operations (20 events):
Event: 148.824 Executing safepoint VM operation: ParallelGCFailedAllocation (Allocation Failure)
Event: 148.829 Executing safepoint VM operation: ParallelGCFailedAllocation (Allocation Failure) done
Event: 148.887 Executing safepoint VM operation: ParallelGCFailedAllocation (Allocation Failure)
Event: 148.891 Executing safepoint VM operation: ParallelGCFailedAllocation (Allocation Failure) done
Event: 148.917 Executing safepoint VM operation: ParallelGCFailedAllocation (Allocation Failure)
Event: 148.919 Executing safepoint VM operation: ParallelGCFailedAllocation (Allocation Failure) done
Event: 148.938 Executing safepoint VM operation: ParallelGCFailedAllocation (Allocation Failure)
Event: 148.939 Executing safepoint VM operation: ParallelGCFailedAllocation (Allocation Failure) done
Event: 148.952 Executing safepoint VM operation: ParallelGCFailedAllocation (Allocation Failure)
Event: 148.954 Executing safepoint VM operation: ParallelGCFailedAllocation (Allocation Failure) done
Event: 148.975 Executing safepoint VM operation: ParallelGCFailedAllocation (Allocation Failure)
Event: 148.977 Executing safepoint VM operation: ParallelGCFailedAllocation (Allocation Failure) done
Event: 149.006 Executing safepoint VM operation: ParallelGCFailedAllocation (Allocation Failure)
Event: 149.008 Executing safepoint VM operation: ParallelGCFailedAllocation (Allocation Failure) done
Event: 149.031 Executing safepoint VM operation: ParallelGCFailedAllocation (Allocation Failure)
Event: 149.034 Executing safepoint VM operation: ParallelGCFailedAllocation (Allocation Failure) done
Event: 149.050 Executing safepoint VM operation: ParallelGCFailedAllocation (Allocation Failure)
Event: 149.052 Executing safepoint VM operation: ParallelGCFailedAllocation (Allocation Failure) done
Event: 149.099 Executing safepoint VM operation: ParallelGCFailedAllocation (Allocation Failure)
Event: 149.102 Executing safepoint VM operation: ParallelGCFailedAllocation (Allocation Failure) done

Memory protections (0 events):
No events

Nmethod flushes (20 events):
Event: 36.988 Thread 0x000001a1b085f2b0 flushing  nmethod 0x000001a1b4429390
Event: 36.988 Thread 0x000001a1b085f2b0 flushing  nmethod 0x000001a1b4430210
Event: 36.988 Thread 0x000001a1b085f2b0 flushing  nmethod 0x000001a1b4430590
Event: 36.988 Thread 0x000001a1b085f2b0 flushing  nmethod 0x000001a1b4433d10
Event: 36.988 Thread 0x000001a1b085f2b0 flushing  nmethod 0x000001a1b4437a10
Event: 36.988 Thread 0x000001a1b085f2b0 flushing  nmethod 0x000001a1b443d090
Event: 36.988 Thread 0x000001a1b085f2b0 flushing  nmethod 0x000001a1b443d690
Event: 36.988 Thread 0x000001a1b085f2b0 flushing  nmethod 0x000001a1b4449010
Event: 36.988 Thread 0x000001a1b085f2b0 flushing  nmethod 0x000001a1b449d690
Event: 36.988 Thread 0x000001a1b085f2b0 flushing  nmethod 0x000001a1b449e490
Event: 36.988 Thread 0x000001a1b085f2b0 flushing  nmethod 0x000001a1b449ea10
Event: 36.988 Thread 0x000001a1b085f2b0 flushing  nmethod 0x000001a1b44b6910
Event: 36.988 Thread 0x000001a1b085f2b0 flushing  nmethod 0x000001a1b44b9510
Event: 36.988 Thread 0x000001a1b085f2b0 flushing  nmethod 0x000001a1b44d1490
Event: 36.988 Thread 0x000001a1b085f2b0 flushing  nmethod 0x000001a1b44d4990
Event: 36.988 Thread 0x000001a1b085f2b0 flushing  nmethod 0x000001a1b44d8b90
Event: 36.988 Thread 0x000001a1b085f2b0 flushing  nmethod 0x000001a1b44e5090
Event: 36.988 Thread 0x000001a1b085f2b0 flushing  nmethod 0x000001a1b44ea090
Event: 36.988 Thread 0x000001a1b085f2b0 flushing  nmethod 0x000001a1b4522390
Event: 36.988 Thread 0x000001a1b085f2b0 flushing  nmethod 0x000001a1b4544090

Events (20 events):
Event: 33.327 Thread 0x000001a20f082250 Thread exited: 0x000001a20f082250
Event: 33.419 Thread 0x000001a209b0ead0 Thread added: 0x000001a211fc7c10
Event: 33.698 Thread 0x000001a211fc7c10 Thread exited: 0x000001a211fc7c10
Event: 33.954 Thread 0x000001a209b0ead0 Thread added: 0x000001a211fc7c10
Event: 34.592 Thread 0x000001a2106d5d90 Thread exited: 0x000001a2106d5d90
Event: 34.592 Thread 0x000001a2106d8b80 Thread exited: 0x000001a2106d8b80
Event: 34.592 Thread 0x000001a2106d7140 Thread exited: 0x000001a2106d7140
Event: 34.592 Thread 0x000001a2106db2e0 Thread exited: 0x000001a2106db2e0
Event: 34.592 Thread 0x000001a2106d6420 Thread exited: 0x000001a2106d6420
Event: 34.592 Thread 0x000001a2106d98a0 Thread exited: 0x000001a2106d98a0
Event: 34.592 Thread 0x000001a2106d9210 Thread exited: 0x000001a2106d9210
Event: 34.593 Thread 0x000001a2106d49e0 Thread exited: 0x000001a2106d49e0
Event: 36.237 Thread 0x000001a211fc7c10 Thread exited: 0x000001a211fc7c10
Event: 36.298 Thread 0x000001a209b0ead0 Thread added: 0x000001a211fc67a0
Event: 42.283 Thread 0x000001a211fc67a0 Thread exited: 0x000001a211fc67a0
Event: 96.311 Thread 0x000001a2106d7e60 Thread exited: 0x000001a2106d7e60
Event: 97.450 Thread 0x000001a20e4e4070 Thread exited: 0x000001a20e4e4070
Event: 97.450 Thread 0x000001a20e608ea0 Thread exited: 0x000001a20e608ea0
Event: 97.450 Thread 0x000001a20e4e4d90 Thread exited: 0x000001a20e4e4d90
Event: 147.453 Thread 0x000001a20f1a1980 Thread added: 0x000001a20f1a2010


Dynamic libraries:
0x00007ff608770000 - 0x00007ff60877e000 	c:\Users\mugal\.antigravity\extensions\redhat.java-1.53.0-win32-x64\jre\21.0.10-win32-x86_64\bin\java.exe
0x00007ff9c0fd0000 - 0x00007ff9c11e7000 	C:\WINDOWS\SYSTEM32\ntdll.dll
0x00007ff9bfd30000 - 0x00007ff9bfdf4000 	C:\WINDOWS\System32\KERNEL32.DLL
0x00007ff9be730000 - 0x00007ff9beae7000 	C:\WINDOWS\System32\KERNELBASE.dll
0x00007ff9be4b0000 - 0x00007ff9be5c1000 	C:\WINDOWS\System32\ucrtbase.dll
0x00007ff997470000 - 0x00007ff99748e000 	c:\Users\mugal\.antigravity\extensions\redhat.java-1.53.0-win32-x64\jre\21.0.10-win32-x86_64\bin\VCRUNTIME140.dll
0x00007ff997490000 - 0x00007ff9974a8000 	c:\Users\mugal\.antigravity\extensions\redhat.java-1.53.0-win32-x64\jre\21.0.10-win32-x86_64\bin\jli.dll
0x00007ff9beec0000 - 0x00007ff9bf06f000 	C:\WINDOWS\System32\USER32.dll
0x00007ff9be2e0000 - 0x00007ff9be306000 	C:\WINDOWS\System32\win32u.dll
0x00007ff9bfcf0000 - 0x00007ff9bfd19000 	C:\WINDOWS\System32\GDI32.dll
0x00007ff9beb60000 - 0x00007ff9bec78000 	C:\WINDOWS\System32\gdi32full.dll
0x00007ff9be690000 - 0x00007ff9be72a000 	C:\WINDOWS\System32\msvcp_win.dll
0x00007ff99dcb0000 - 0x00007ff99df43000 	C:\WINDOWS\WinSxS\amd64_microsoft.windows.common-controls_6595b64144ccf1df_6.0.22621.3672_none_2713b9d173822955\COMCTL32.dll
0x00007ff9bf500000 - 0x00007ff9bf5a7000 	C:\WINDOWS\System32\msvcrt.dll
0x00007ff9bf4c0000 - 0x00007ff9bf4f1000 	C:\WINDOWS\System32\IMM32.DLL
0x00007ff9a6fc0000 - 0x00007ff9a6fcc000 	c:\Users\mugal\.antigravity\extensions\redhat.java-1.53.0-win32-x64\jre\21.0.10-win32-x86_64\bin\vcruntime140_1.dll
0x00007ff984e20000 - 0x00007ff984ead000 	c:\Users\mugal\.antigravity\extensions\redhat.java-1.53.0-win32-x64\jre\21.0.10-win32-x86_64\bin\msvcp140.dll
0x00007ff909190000 - 0x00007ff909f31000 	c:\Users\mugal\.antigravity\extensions\redhat.java-1.53.0-win32-x64\jre\21.0.10-win32-x86_64\bin\server\jvm.dll
0x00007ff9c0dd0000 - 0x00007ff9c0e82000 	C:\WINDOWS\System32\ADVAPI32.dll
0x00007ff9c0ee0000 - 0x00007ff9c0f88000 	C:\WINDOWS\System32\sechost.dll
0x00007ff9be480000 - 0x00007ff9be4a8000 	C:\WINDOWS\System32\bcrypt.dll
0x00007ff9c0cb0000 - 0x00007ff9c0dc4000 	C:\WINDOWS\System32\RPCRT4.dll
0x00007ff9bfe00000 - 0x00007ff9bfe71000 	C:\WINDOWS\System32\WS2_32.dll
0x00007ff9bdbb0000 - 0x00007ff9bdbfd000 	C:\WINDOWS\SYSTEM32\POWRPROF.dll
0x00007ff9b7c70000 - 0x00007ff9b7ca4000 	C:\WINDOWS\SYSTEM32\WINMM.dll
0x00007ff9bba00000 - 0x00007ff9bba0a000 	C:\WINDOWS\SYSTEM32\VERSION.dll
0x00007ff9bdb90000 - 0x00007ff9bdba3000 	C:\WINDOWS\SYSTEM32\UMPDC.dll
0x00007ff9bd300000 - 0x00007ff9bd318000 	C:\WINDOWS\SYSTEM32\kernel.appcore.dll
0x00007ff99efe0000 - 0x00007ff99efea000 	c:\Users\mugal\.antigravity\extensions\redhat.java-1.53.0-win32-x64\jre\21.0.10-win32-x86_64\bin\jimage.dll
0x00007ff9bb780000 - 0x00007ff9bb9b2000 	C:\WINDOWS\SYSTEM32\DBGHELP.DLL
0x00007ff9bf100000 - 0x00007ff9bf48e000 	C:\WINDOWS\System32\combase.dll
0x00007ff9bf790000 - 0x00007ff9bf867000 	C:\WINDOWS\System32\OLEAUT32.dll
0x00007ff99dc70000 - 0x00007ff99dca2000 	C:\WINDOWS\SYSTEM32\dbgcore.DLL
0x00007ff9bec80000 - 0x00007ff9becfb000 	C:\WINDOWS\System32\bcryptPrimitives.dll
0x00007ff99eef0000 - 0x00007ff99eeff000 	c:\Users\mugal\.antigravity\extensions\redhat.java-1.53.0-win32-x64\jre\21.0.10-win32-x86_64\bin\instrument.dll
0x00007ff9973c0000 - 0x00007ff9973e0000 	c:\Users\mugal\.antigravity\extensions\redhat.java-1.53.0-win32-x64\jre\21.0.10-win32-x86_64\bin\java.dll
0x00007ff9bfe80000 - 0x00007ff9c06e9000 	C:\WINDOWS\System32\SHELL32.dll
0x00007ff9bc200000 - 0x00007ff9bcaff000 	C:\WINDOWS\SYSTEM32\windows.storage.dll
0x00007ff9bc0c0000 - 0x00007ff9bc1ff000 	C:\WINDOWS\SYSTEM32\wintypes.dll
0x00007ff9bf690000 - 0x00007ff9bf789000 	C:\WINDOWS\System32\SHCORE.dll
0x00007ff9c0c40000 - 0x00007ff9c0c9e000 	C:\WINDOWS\System32\shlwapi.dll
0x00007ff9be210000 - 0x00007ff9be237000 	C:\WINDOWS\SYSTEM32\profapi.dll
0x00007ff98ec00000 - 0x00007ff98ec18000 	c:\Users\mugal\.antigravity\extensions\redhat.java-1.53.0-win32-x64\jre\21.0.10-win32-x86_64\bin\zip.dll
0x00007ff99e570000 - 0x00007ff99e580000 	C:\Users\mugal\.antigravity\extensions\redhat.java-1.53.0-win32-x64\jre\21.0.10-win32-x86_64\bin\net.dll
0x00007ff9b9750000 - 0x00007ff9b9886000 	C:\WINDOWS\SYSTEM32\WINHTTP.dll
0x00007ff9bd7a0000 - 0x00007ff9bd809000 	C:\WINDOWS\system32\mswsock.dll
0x00007ff98e880000 - 0x00007ff98e896000 	C:\Users\mugal\.antigravity\extensions\redhat.java-1.53.0-win32-x64\jre\21.0.10-win32-x86_64\bin\nio.dll
0x00007ff99e540000 - 0x00007ff99e550000 	c:\Users\mugal\.antigravity\extensions\redhat.java-1.53.0-win32-x64\jre\21.0.10-win32-x86_64\bin\verify.dll
0x00007ff97f5e0000 - 0x00007ff97f625000 	C:\Users\mugal\AppData\Roaming\Antigravity\User\globalStorage\redhat.java\1.53.0\config_win\org.eclipse.equinox.launcher\org.eclipse.equinox.launcher.win32.win32.x86_64_1.3.0.v20260203-2149\eclipse_11919.dll
0x00007ff9bfae0000 - 0x00007ff9bfc85000 	C:\WINDOWS\System32\ole32.dll
0x00007ff9bda00000 - 0x00007ff9bda1b000 	C:\WINDOWS\SYSTEM32\CRYPTSP.dll
0x00007ff9bd260000 - 0x00007ff9bd295000 	C:\WINDOWS\system32\rsaenh.dll
0x00007ff9bd890000 - 0x00007ff9bd8b8000 	C:\WINDOWS\SYSTEM32\USERENV.dll
0x00007ff9bd9f0000 - 0x00007ff9bd9fc000 	C:\WINDOWS\SYSTEM32\CRYPTBASE.dll
0x00007ff9bcda0000 - 0x00007ff9bcdcd000 	C:\WINDOWS\SYSTEM32\IPHLPAPI.DLL
0x00007ff9bf4b0000 - 0x00007ff9bf4b9000 	C:\WINDOWS\System32\NSI.dll
0x00007ff97ea90000 - 0x00007ff97ead9000 	C:\Users\mugal\AppData\Local\Temp\jna-104251434\jna5771079902023507596.dll
0x00007ff9c0ca0000 - 0x00007ff9c0ca8000 	C:\WINDOWS\System32\PSAPI.DLL
0x00007ff9b8b80000 - 0x00007ff9b8b99000 	C:\WINDOWS\SYSTEM32\dhcpcsvc6.DLL
0x00007ff9b8b60000 - 0x00007ff9b8b7f000 	C:\WINDOWS\SYSTEM32\dhcpcsvc.DLL

JVMTI agents:
c:\Users\mugal\.antigravity\extensions\redhat.java-1.53.0-win32-x64\lombok\lombok-1.18.39-4050.jar path:c:\Users\mugal\.antigravity\extensions\redhat.java-1.53.0-win32-x64\jre\21.0.10-win32-x86_64\bin\instrument.dll, loaded, initialized, instrumentlib options:none

dbghelp: loaded successfully - version: 4.0.5 - missing functions: none
symbol engine: initialized successfully - sym options: 0x614 - pdb path: .;c:\Users\mugal\.antigravity\extensions\redhat.java-1.53.0-win32-x64\jre\21.0.10-win32-x86_64\bin;C:\WINDOWS\SYSTEM32;C:\WINDOWS\WinSxS\amd64_microsoft.windows.common-controls_6595b64144ccf1df_6.0.22621.3672_none_2713b9d173822955;c:\Users\mugal\.antigravity\extensions\redhat.java-1.53.0-win32-x64\jre\21.0.10-win32-x86_64\bin\server;C:\Users\mugal\AppData\Roaming\Antigravity\User\globalStorage\redhat.java\1.53.0\config_win\org.eclipse.equinox.launcher\org.eclipse.equinox.launcher.win32.win32.x86_64_1.3.0.v20260203-2149;C:\Users\mugal\AppData\Local\Temp\jna-104251434

VM Arguments:
jvm_args: --add-modules=ALL-SYSTEM --add-opens=java.base/java.util=ALL-UNNAMED --add-opens=java.base/java.lang=ALL-UNNAMED --add-opens=java.base/sun.nio.fs=ALL-UNNAMED -Declipse.application=org.eclipse.jdt.ls.core.id1 -Dosgi.bundles.defaultStartLevel=4 -Declipse.product=org.eclipse.jdt.ls.core.product -Djava.import.generatesMetadataFilesAtProjectRoot=false -DDetectVMInstallationsJob.disabled=true -Dfile.encoding=utf8 -XX:+UseParallelGC -XX:GCTimeRatio=4 -XX:AdaptiveSizePolicyWeight=90 -Dsun.zip.disableMemoryMapping=true -Xmx2G -Xms100m -Xlog:disable -javaagent:c:\Users\mugal\.antigravity\extensions\redhat.java-1.53.0-win32-x64\lombok\lombok-1.18.39-4050.jar -XX:+HeapDumpOnOutOfMemoryError -XX:HeapDumpPath=c:\Users\mugal\AppData\Roaming\Antigravity\User\workspaceStorage\bfdbd9260fa52a82d3dbf1829970f427\redhat.java -Daether.dependencyCollector.impl=bf 
java_command: c:\Users\mugal\.antigravity\extensions\redhat.java-1.53.0-win32-x64\server\plugins\org.eclipse.equinox.launcher_1.7.100.v20251111-0406.jar -configuration c:\Users\mugal\AppData\Roaming\Antigravity\User\globalStorage\redhat.java\1.53.0\config_win -data c:\Users\mugal\AppData\Roaming\Antigravity\User\workspaceStorage\bfdbd9260fa52a82d3dbf1829970f427\redhat.java\jdt_ws --pipe=\\.\pipe\lsp-e05d96e91f67e0059d9720d28bdcdeae-sock
java_class_path (initial): c:\Users\mugal\.antigravity\extensions\redhat.java-1.53.0-win32-x64\server\plugins\org.eclipse.equinox.launcher_1.7.100.v20251111-0406.jar
Launcher Type: SUN_STANDARD

[Global flags]
    uintx AdaptiveSizePolicyWeight                 = 90                                        {product} {command line}
     intx CICompilerCount                          = 4                                         {product} {ergonomic}
    uintx GCTimeRatio                              = 4                                         {product} {command line}
     bool HeapDumpOnOutOfMemoryError               = true                                   {manageable} {command line}
    ccstr HeapDumpPath                             = c:\Users\mugal\AppData\Roaming\Antigravity\User\workspaceStorage\bfdbd9260fa52a82d3dbf1829970f427\redhat.java         {manageable} {command line}
   size_t InitialHeapSize                          = 104857600                                 {product} {command line}
   size_t MaxHeapSize                              = 2147483648                                {product} {command line}
   size_t MaxNewSize                               = 715653120                                 {product} {ergonomic}
   size_t MinHeapDeltaBytes                        = 524288                                    {product} {ergonomic}
   size_t MinHeapSize                              = 104857600                                 {product} {command line}
   size_t NewSize                                  = 34603008                                  {product} {ergonomic}
    uintx NonNMethodCodeHeapSize                   = 5839372                                {pd product} {ergonomic}
    uintx NonProfiledCodeHeapSize                  = 122909434                              {pd product} {ergonomic}
   size_t OldSize                                  = 70254592                                  {product} {ergonomic}
    uintx ProfiledCodeHeapSize                     = 122909434                              {pd product} {ergonomic}
    uintx ReservedCodeCacheSize                    = 251658240                              {pd product} {ergonomic}
     bool SegmentedCodeCache                       = true                                      {product} {ergonomic}
   size_t SoftMaxHeapSize                          = 2147483648                             {manageable} {ergonomic}
     bool UseCompressedOops                        = true                           {product lp64_product} {ergonomic}
     bool UseLargePagesIndividualAllocation        = false                                  {pd product} {ergonomic}
     bool UseParallelGC                            = true                                      {product} {command line}

Logging:
Log output configuration:
 #0: stdout all=off uptime,level,tags foldmultilines=false
 #1: stderr all=off uptime,level,tags foldmultilines=false

Release file:
JAVA_VERSION="21.0.10" 
MODULES="java.base java.compiler java.datatransfer java.xml java.prefs java.desktop java.instrument java.logging java.management java.security.sasl java.naming java.rmi java.management.rmi java.net.http java.scripting java.security.jgss java.transaction.xa java.sql java.sql.rowset java.xml.crypto java.se java.smartcardio jdk.accessibility jdk.internal.jvmstat jdk.attach jdk.charsets jdk.internal.opt jdk.zipfs jdk.compiler jdk.crypto.ec jdk.crypto.cryptoki jdk.crypto.mscapi jdk.dynalink jdk.internal.ed jdk.editpad jdk.hotspot.agent jdk.httpserver jdk.internal.le jdk.internal.vm.ci jdk.internal.vm.compiler jdk.internal.vm.compiler.management jdk.jartool jdk.javadoc jdk.jcmd jdk.management jdk.management.agent jdk.jconsole jdk.jdeps jdk.jdwp.agent jdk.jdi jdk.jfr jdk.jshell jdk.jsobject jdk.jstatd jdk.localedata jdk.management.jfr jdk.naming.dns jdk.naming.rmi jdk.net jdk.nio.mapmode jdk.random jdk.sctp jdk.security.auth jdk.security.jgss jdk.unsupported jdk.unsupported.desktop jdk.xml.dom" 

Environment Variables:
JAVA_HOME=C:\Program Files\Java\jdk-18.0.2.1
PATH=C:\Program Files\Python311\Scripts\;C:\Program Files\Python311\;C:\Program Files\Common Files\Oracle\Java\javapath;C:\WINDOWS\system32;C:\WINDOWS;C:\WINDOWS\System32\Wbem;C:\WINDOWS\System32\WindowsPowerShell\v1.0\;C:\WINDOWS\System32\OpenSSH\;C:\Program Files\MySQL\MySQL Server 8.0\bin;C:\maven\apache-maven-3.8.6\bin;C:\Program Files\Java\jdk-18.0.2.1\bin;C:\Program Files\Git\cmd;E:\apache-zookeeper-3.8.0\bin;C:\Program Files\HP\HP One Agent;;C:\Program Files\nodejs\;C:\ProgramData\chocolatey\bin;C:\Program Files\Docker\Docker\resources\bin;C:\Users\mugal\AppData\Local\Microsoft\WindowsApps;C:\Users\mugal\AppData\Local\JetBrains\Toolbox\scripts;C:\Users\mugal\AppData\Local\Microsoft\WindowsApps;C:\Users\mugal\AppData\Local\Programs\Microsoft VS Code\bin;;C:\Users\mugal\AppData\Local\Microsoft\WinGet\Packages\Schniz.fnm_Microsoft.Winget.Source_8wekyb3d8bbwe;C:\Users\mugal\AppData\Roaming\npm;C:\Users\mugal\AppData\Local\Programs\Antigravity\bin
USERNAME=mugal
OS=Windows_NT
PROCESSOR_IDENTIFIER=Intel64 Family 6 Model 140 Stepping 1, GenuineIntel
TMP=C:\Users\mugal\AppData\Local\Temp
TEMP=C:\Users\mugal\AppData\Local\Temp




Periodic native trim disabled

---------------  S Y S T E M  ---------------

OS:
 Windows 11 , 64 bit Build 22621 (10.0.22621.3958)
OS uptime: 3 days 2:35 hours
Hyper-V role detected

CPU: total 8 (initial active 8) (4 cores per cpu, 2 threads per core) family 6 model 140 stepping 1 microcode 0xb8, cx8, cmov, fxsr, ht, mmx, 3dnowpref, sse, sse2, sse3, ssse3, sse4.1, sse4.2, popcnt, lzcnt, tsc, tscinvbit, avx, avx2, aes, erms, clmul, bmi1, bmi2, adx, avx512f, avx512dq, avx512cd, avx512bw, avx512vl, sha, fma, vzeroupper, avx512_vpopcntdq, avx512_vpclmulqdq, avx512_vaes, avx512_vnni, clflush, clflushopt, clwb, avx512_vbmi2, avx512_vbmi, hv, rdtscp, rdpid, fsrm, gfni, avx512_bitalg, f16c, cet_ibt, cet_ss, avx512_ifma
Processor Information for the first 8 processors :
  Max Mhz: 2419, Current Mhz: 2419, Mhz Limit: 2419

Memory: 4k page, system-wide physical 7859M (236M free)
TotalPageFile size 32435M (AvailPageFile size 2M)
current process WorkingSet (physical memory assigned to process): 129M, peak: 435M
current process commit charge ("private bytes"): 479M, peak: 506M

vm_info: OpenJDK 64-Bit Server VM (21.0.10+7-LTS) for windows-amd64 JRE (21.0.10+7-LTS), built on 2026-01-20T00:00:00Z by "admin" with MS VC++ 17.12 (VS2022)

END.
